                                                           The SAS System                        10:24 Monday, November 13, 2017   1

                                              ----------------------------------------
                                              |   Census   |   Census   |   Census   |
                                              |   Region   |   Region   |   Region   |
                                              |------------+------------+------------|
                                              |     N      |    Max     |    Min     |
                                              |------------+------------+------------|
                                              |    12083.00|        4.00|        1.00|
                                              ----------------------------------------
                                                           The SAS System                        10:24 Monday, November 13, 2017   2

                                              ----------------------------------------
                                              |            | Housing unit classified |
                                              |            |  as urban or rural by   |
                                              |            |         Census          |
                                              |            |-------------------------|
                                              |   urban    |     R      |     U      |
                                              |------------+------------+------------|
                                              |    Sum     |     N      |     N      |
                                              |------------+------------+------------|
                                              |     9656.00|     2427.00|     9656.00|
                                              ----------------------------------------
                                                           The SAS System                        10:24 Monday, November 13, 2017   3

                                    -----------------------------------------------------------
                                    |                               |  Cooling   |  Cooling   |
                                    |                               |degree days |degree days |
                                    |                               |  in 2009,  |  in 2009,  |
                                    |                               |    base    |    base    |
                                    |                               |temperature |temperature |
                                    |                               |    65F     |    65F     |
                                    |                               |------------+------------|
                                    |                               |     N      |    Mean    |
                                    |-------------------------------+------------+------------|
                                    |Census Region                  |            |            |
                                    |-------------------------------|            |            |
                                    |1                              |     2266.00|      625.69|
                                    |-------------------------------+------------+------------|
                                    |2                              |     2843.00|      733.79|
                                    |-------------------------------+------------+------------|
                                    |3                              |     4090.00|     2394.39|
                                    |-------------------------------+------------+------------|
                                    |4                              |     2884.00|     1319.47|
                                    -----------------------------------------------------------
                                                           The SAS System                        10:24 Monday, November 13, 2017   4

             ---------------------------------------------------------------------------------------------------------
             | Cooling degree days in 2009, base temperature 65F | Cooling degree days in 2009, base temperature 65F |
             |---------------------------------------------------+---------------------------------------------------|
             |                         N                         |                       Mean                        |
             |---------------------------------------------------+---------------------------------------------------|
             |                   Census Region                   |                   Census Region                   |
             |---------------------------------------------------+---------------------------------------------------|
             |     1      |     2      |     3      |     4      |     1      |     2      |     3      |     4      |
             |------------+------------+------------+------------+------------+------------+------------+------------|
             |     2266.00|     2843.00|     4090.00|     2884.00|      625.69|      733.79|     2394.39|     1319.47|
             ---------------------------------------------------------------------------------------------------------
                                                           The SAS System                        10:24 Monday, November 13, 2017   5

                                    -----------------------------------------------------------
                                    |                               | Cooling degree days in  |
                                    |                               | 2009, base temperature  |
                                    |                               |           65F           |
                                    |                               |-------------------------|
                                    |                               |          Mean           |
                                    |                               |-------------------------|
                                    |                               | Housing unit classified |
                                    |                               |  as urban or rural by   |
                                    |                               |         Census          |
                                    |                               |-------------------------|
                                    |                               |     R      |     U      |
                                    |-------------------------------+------------+------------|
                                    |Census Region                  |            |            |
                                    |-------------------------------|            |            |
                                    |1                              |      413.44|      657.71|
                                    |-------------------------------+------------+------------|
                                    |2                              |      677.88|      752.05|
                                    |-------------------------------+------------+------------|
                                    |3                              |     2051.58|     2521.76|
                                    |-------------------------------+------------+------------|
                                    |4                              |     1296.77|     1322.32|
                                    -----------------------------------------------------------
